<?xml version="1.0" encoding="UTF-8"?>
<!-- Generated by org.testng.reporters.JUnitReportReporter -->
<testsuite skipped="0" hostname="DESKTOP-9448OA7" name="pom.irctc.testcase.TC005" tests="1" failures="0" timestamp="30 Mar 2022 14:23:03 GMT" time="232.276" errors="0">
  <testcase name="verifyGst" time="232.276" classname="pom.irctc.testcase.TC005"/>
</testsuite> <!-- pom.irctc.testcase.TC005 -->
