<?xml version="1.0" encoding="UTF-8"?>
<!-- Generated by org.testng.reporters.JUnitReportReporter -->
<testsuite skipped="0" hostname="DESKTOP-9448OA7" name="pom.irctc.testcase.TC011" tests="1" failures="0" timestamp="30 Mar 2022 14:23:03 GMT" time="44.837" errors="0">
  <testcase name="PanRegister" time="44.837" classname="pom.irctc.testcase.TC011"/>
</testsuite> <!-- pom.irctc.testcase.TC011 -->
