<?xml version="1.0" encoding="UTF-8"?>
<!-- Generated by org.testng.reporters.JUnitReportReporter -->
<testsuite skipped="0" hostname="DESKTOP-9448OA7" name="pom.irctc.testcase.TC001" tests="1" failures="0" timestamp="30 Mar 2022 14:23:03 GMT" time="153.319" errors="0">
  <testcase name="irctcRegistration" time="153.319" classname="pom.irctc.testcase.TC001"/>
</testsuite> <!-- pom.irctc.testcase.TC001 -->
