<?xml version="1.0" encoding="UTF-8"?>
<!-- Generated by org.testng.reporters.JUnitReportReporter -->
<testsuite skipped="0" hostname="DESKTOP-9448OA7" name="pom.irctc.testcase.TC004" tests="1" failures="0" timestamp="30 Mar 2022 14:23:03 GMT" time="229.942" errors="0">
  <testcase name="bookHotels" time="229.942" classname="pom.irctc.testcase.TC004"/>
</testsuite> <!-- pom.irctc.testcase.TC004 -->
